#
# There is insufficient memory for the Java Runtime Environment to continue.
# Native memory allocation (malloc) failed to allocate 735856 bytes for Chunk::new
# Possible reasons:
#   The system is out of physical RAM or swap space
#   In 32 bit mode, the process size limit was hit
# Possible solutions:
#   Reduce memory load on the system
#   Increase physical memory or swap space
#   Check if swap backing store is full
#   Use 64 bit Java on a 64 bit OS
#   Decrease Java heap size (-Xmx/-Xms)
#   Decrease number of Java threads
#   Decrease Java thread stack sizes (-Xss)
#   Set larger code cache with -XX:ReservedCodeCacheSize=
# This output file may be truncated or incomplete.
#
#  Out of Memory Error (allocation.cpp:390), pid=6916, tid=7884
#
# JRE version: Java(TM) SE Runtime Environment (8.0_20-b26) (build 1.8.0_20-b26)
# Java VM: Java HotSpot(TM) 64-Bit Server VM (25.20-b23 mixed mode windows-amd64 compressed oops)
# Failed to write core dump. Minidumps are not enabled by default on client versions of Windows
#

---------------  T H R E A D  ---------------

Current thread (0x0000000015e21000):  JavaThread "C2 CompilerThread1" daemon [_thread_in_native, id=7884, stack(0x0000000016220000,0x0000000016320000)]

Stack: [0x0000000016220000,0x0000000016320000]
Native frames: (J=compiled Java code, j=interpreted, Vv=VM code, C=native code)
V  [jvm.dll+0x3152fa]
V  [jvm.dll+0x265d03]
V  [jvm.dll+0x266943]
V  [jvm.dll+0x25e265]
V  [jvm.dll+0xbe255]
V  [jvm.dll+0xbe6fc]
V  [jvm.dll+0x45c472]
V  [jvm.dll+0x49d76f]
V  [jvm.dll+0x451438]
V  [jvm.dll+0x452634]
V  [jvm.dll+0x435fc2]
V  [jvm.dll+0x97b62]
V  [jvm.dll+0x98353]
V  [jvm.dll+0x22aac4]
V  [jvm.dll+0x283f5a]
C  [msvcr100.dll+0x21d9f]
C  [msvcr100.dll+0x21e3b]
C  [KERNEL32.DLL+0x168d]
C  [ntdll.dll+0x74629]


Current CompileTask:
C2:   3849 1562       4       com.android.dx.ssa.back.FirstFitLocalCombiningAllocator$1::processInsn (169 bytes)


---------------  P R O C E S S  ---------------

Java Threads: ( => current thread )
  0x0000000016113800 JavaThread "pool-2-thread-4" [_thread_blocked, id=11124, stack(0x0000000017220000,0x0000000017320000)]
  0x0000000016110000 JavaThread "pool-2-thread-3" [_thread_blocked, id=8236, stack(0x0000000017120000,0x0000000017220000)]
  0x000000001610f000 JavaThread "pool-2-thread-2" [_thread_blocked, id=4920, stack(0x0000000017020000,0x0000000017120000)]
  0x0000000016094800 JavaThread "pool-3-thread-1" [_thread_blocked, id=5932, stack(0x0000000016f20000,0x0000000017020000)]
  0x0000000016093800 JavaThread "pool-2-thread-1" [_thread_blocked, id=32, stack(0x0000000016e20000,0x0000000016f20000)]
  0x0000000015e7a000 JavaThread "Service Thread" daemon [_thread_blocked, id=1640, stack(0x0000000016420000,0x0000000016520000)]
  0x0000000015e70000 JavaThread "C1 CompilerThread2" daemon [_thread_blocked, id=5824, stack(0x0000000016320000,0x0000000016420000)]
=>0x0000000015e21000 JavaThread "C2 CompilerThread1" daemon [_thread_in_native, id=7884, stack(0x0000000016220000,0x0000000016320000)]
  0x000000001481b000 JavaThread "C2 CompilerThread0" daemon [_thread_in_native, id=8520, stack(0x0000000015d20000,0x0000000015e20000)]
  0x0000000014819800 JavaThread "Attach Listener" daemon [_thread_blocked, id=4872, stack(0x0000000015c20000,0x0000000015d20000)]
  0x00000000147ce000 JavaThread "Signal Dispatcher" daemon [_thread_blocked, id=12784, stack(0x0000000015b20000,0x0000000015c20000)]
  0x0000000001d3f800 JavaThread "Finalizer" daemon [_thread_blocked, id=4464, stack(0x0000000015a20000,0x0000000015b20000)]
  0x0000000001d3e800 JavaThread "Reference Handler" daemon [_thread_blocked, id=13268, stack(0x0000000015920000,0x0000000015a20000)]
  0x000000000224e000 JavaThread "main" [_thread_in_Java, id=9856, stack(0x0000000000410000,0x0000000000510000)]

Other Threads:
  0x0000000014786000 VMThread [stack: 0x0000000015820000,0x0000000015920000] [id=8440]
  0x0000000015e85000 WatcherThread [stack: 0x0000000016520000,0x0000000016620000] [id=6196]

VM state:not at safepoint (normal execution)

VM Mutex/Monitor currently owned by a thread: None

Heap:
 PSYoungGen      total 28672K, used 5167K [0x00000000eab00000, 0x00000000ee300000, 0x0000000100000000)
  eden space 24576K, 4% used [0x00000000eab00000,0x00000000eac0f7a8,0x00000000ec300000)
  from space 4096K, 99% used [0x00000000ec300000,0x00000000ec6fc668,0x00000000ec700000)
  to   space 4096K, 0% used [0x00000000edf00000,0x00000000edf00000,0x00000000ee300000)
 ParOldGen       total 65536K, used 7749K [0x00000000c0000000, 0x00000000c4000000, 0x00000000eab00000)
  object space 65536K, 11% used [0x00000000c0000000,0x00000000c0791460,0x00000000c4000000)
 Metaspace       used 6191K, capacity 7088K, committed 7296K, reserved 1056768K
  class space    used 595K, capacity 616K, committed 640K, reserved 1048576K

Card table byte_map: [0x0000000011610000,0x0000000011820000] byte_map_base: 0x0000000011010000

Marking Bits: (ParMarkBitMap*) 0x00000000618bb460
 Begin Bits: [0x0000000011c20000, 0x0000000012c20000)
 End Bits:   [0x0000000012c20000, 0x0000000013c20000)

Polling page: 0x0000000000300000

CodeCache: size=245760Kb used=6596Kb max_used=6596Kb free=239163Kb
 bounds [0x0000000002250000, 0x00000000028d0000, 0x0000000011250000]
 total_blobs=1822 nmethods=1554 adapters=180
 compilation: enabled

Compilation events (10 events):
Event: 3.730 Thread 0x0000000015e70000 1574       2       com.android.dx.rop.code.RegisterSpec::equals (51 bytes)
Event: 3.730 Thread 0x0000000015e70000 nmethod 1574 0x00000000028a9790 code [0x00000000028a9900, 0x00000000028a9b78]
Event: 3.732 Thread 0x0000000015e21000 nmethod 1552 0x00000000028a4410 code [0x00000000028a4620, 0x00000000028a54e0]
Event: 3.733 Thread 0x0000000015e21000 1551       4       com.android.dx.rop.code.RegisterSpec::intersect (169 bytes)
Event: 3.740 Thread 0x0000000015e21000 nmethod 1551 0x00000000028a3890 code [0x00000000028a3a00, 0x00000000028a3e90]
Event: 3.740 Thread 0x0000000015e21000 1564       4       com.android.dx.rop.code.LocalItem::compareTo (32 bytes)
Event: 3.743 Thread 0x0000000015e21000 nmethod 1564 0x00000000028a7690 code [0x00000000028a77e0, 0x00000000028a7ab8]
Event: 3.743 Thread 0x0000000015e21000 1561       4       com.android.dx.rop.code.Insn::hashCode (5 bytes)
Event: 3.744 Thread 0x0000000015e21000 nmethod 1561 0x00000000028337d0 code [0x0000000002833920, 0x00000000028339c8]
Event: 3.744 Thread 0x0000000015e21000 1562       4       com.android.dx.ssa.back.FirstFitLocalCombiningAllocator$1::processInsn (169 bytes)

GC Heap History (6 events):
Event: 1.802 GC heap before
{Heap before GC invocations=1 (full 0):
 PSYoungGen      total 28672K, used 24576K [0x00000000eab00000, 0x00000000ecb00000, 0x0000000100000000)
  eden space 24576K, 100% used [0x00000000eab00000,0x00000000ec300000,0x00000000ec300000)
  from space 4096K, 0% used [0x00000000ec700000,0x00000000ec700000,0x00000000ecb00000)
  to   space 4096K, 0% used [0x00000000ec300000,0x00000000ec300000,0x00000000ec700000)
 ParOldGen       total 65536K, used 0K [0x00000000c0000000, 0x00000000c4000000, 0x00000000eab00000)
  object space 65536K, 0% used [0x00000000c0000000,0x00000000c0000000,0x00000000c4000000)
 Metaspace       used 5928K, capacity 6832K, committed 7040K, reserved 1056768K
  class space    used 591K, capacity 616K, committed 640K, reserved 1048576K
Event: 1.815 GC heap after
Heap after GC invocations=1 (full 0):
 PSYoungGen      total 28672K, used 4069K [0x00000000eab00000, 0x00000000ecb00000, 0x0000000100000000)
  eden space 24576K, 0% used [0x00000000eab00000,0x00000000eab00000,0x00000000ec300000)
  from space 4096K, 99% used [0x00000000ec300000,0x00000000ec6f94d0,0x00000000ec700000)
  to   space 4096K, 0% used [0x00000000ec700000,0x00000000ec700000,0x00000000ecb00000)
 ParOldGen       total 65536K, used 1405K [0x00000000c0000000, 0x00000000c4000000, 0x00000000eab00000)
  object space 65536K, 2% used [0x00000000c0000000,0x00000000c015f5a0,0x00000000c4000000)
 Metaspace       used 5928K, capacity 6832K, committed 7040K, reserved 1056768K
  class space    used 591K, capacity 616K, committed 640K, reserved 1048576K
}
Event: 2.420 GC heap before
{Heap before GC invocations=2 (full 0):
 PSYoungGen      total 28672K, used 28645K [0x00000000eab00000, 0x00000000ecb00000, 0x0000000100000000)
  eden space 24576K, 100% used [0x00000000eab00000,0x00000000ec300000,0x00000000ec300000)
  from space 4096K, 99% used [0x00000000ec300000,0x00000000ec6f94d0,0x00000000ec700000)
  to   space 4096K, 0% used [0x00000000ec700000,0x00000000ec700000,0x00000000ecb00000)
 ParOldGen       total 65536K, used 1405K [0x00000000c0000000, 0x00000000c4000000, 0x00000000eab00000)
  object space 65536K, 2% used [0x00000000c0000000,0x00000000c015f5a0,0x00000000c4000000)
 Metaspace       used 6114K, capacity 7024K, committed 7296K, reserved 1056768K
  class space    used 593K, capacity 616K, committed 640K, reserved 1048576K
Event: 2.560 GC heap after
Heap after GC invocations=2 (full 0):
 PSYoungGen      total 28672K, used 4079K [0x00000000eab00000, 0x00000000ee300000, 0x0000000100000000)
  eden space 24576K, 0% used [0x00000000eab00000,0x00000000eab00000,0x00000000ec300000)
  from space 4096K, 99% used [0x00000000ec700000,0x00000000ecafbc80,0x00000000ecb00000)
  to   space 4096K, 0% used [0x00000000ec300000,0x00000000ec300000,0x00000000ec700000)
 ParOldGen       total 65536K, used 4721K [0x00000000c0000000, 0x00000000c4000000, 0x00000000eab00000)
  object space 65536K, 7% used [0x00000000c0000000,0x00000000c049c458,0x00000000c4000000)
 Metaspace       used 6114K, capacity 7024K, committed 7296K, reserved 1056768K
  class space    used 593K, capacity 616K, committed 640K, reserved 1048576K
}
Event: 3.751 GC heap before
{Heap before GC invocations=3 (full 0):
 PSYoungGen      total 28672K, used 28655K [0x00000000eab00000, 0x00000000ee300000, 0x0000000100000000)
  eden space 24576K, 100% used [0x00000000eab00000,0x00000000ec300000,0x00000000ec300000)
  from space 4096K, 99% used [0x00000000ec700000,0x00000000ecafbc80,0x00000000ecb00000)
  to   space 4096K, 0% used [0x00000000ec300000,0x00000000ec300000,0x00000000ec700000)
 ParOldGen       total 65536K, used 4721K [0x00000000c0000000, 0x00000000c4000000, 0x00000000eab00000)
  object space 65536K, 7% used [0x00000000c0000000,0x00000000c049c458,0x00000000c4000000)
 Metaspace       used 6191K, capacity 7088K, committed 7296K, reserved 1056768K
  class space    used 595K, capacity 616K, committed 640K, reserved 1048576K
Event: 3.770 GC heap after
Heap after GC invocations=3 (full 0):
 PSYoungGen      total 28672K, used 4081K [0x00000000eab00000, 0x00000000ee300000, 0x0000000100000000)
  eden space 24576K, 0% used [0x00000000eab00000,0x00000000eab00000,0x00000000ec300000)
  from space 4096K, 99% used [0x00000000ec300000,0x00000000ec6fc668,0x00000000ec700000)
  to   space 4096K, 0% used [0x00000000edf00000,0x00000000edf00000,0x00000000ee300000)
 ParOldGen       total 65536K, used 7749K [0x00000000c0000000, 0x00000000c4000000, 0x00000000eab00000)
  object space 65536K, 11% used [0x00000000c0000000,0x00000000c0791460,0x00000000c4000000)
 Metaspace       used 6191K, capacity 7088K, committed 7296K, reserved 1056768K
  class space    used 595K, capacity 616K, committed 640K, reserved 1048576K
}

Deoptimization events (10 events):
Event: 3.047 Thread 0x000000001610f000 Uncommon trap: reason=bimorphic action=maybe_recompile pc=0x00000000024860cc method=java.util.HashMap.getNode(ILjava/lang/Object;)Ljava/util/HashMap$Node; @ 126
Event: 3.047 Thread 0x000000001610f000 Uncommon trap: reason=class_check action=maybe_recompile pc=0x00000000028308c8 method=java.util.HashMap.putVal(ILjava/lang/Object;Ljava/lang/Object;ZZ)Ljava/lang/Object; @ 203
Event: 3.047 Thread 0x000000001610f000 Uncommon trap: reason=class_check action=maybe_recompile pc=0x00000000028308c8 method=java.util.HashMap.putVal(ILjava/lang/Object;Ljava/lang/Object;ZZ)Ljava/lang/Object; @ 203
Event: 3.047 Thread 0x000000001610f000 Uncommon trap: reason=bimorphic action=maybe_recompile pc=0x000000000249fc24 method=java.util.HashMap.getNode(ILjava/lang/Object;)Ljava/util/HashMap$Node; @ 126
Event: 3.224 Thread 0x000000000224e000 Uncommon trap: reason=uninitialized action=reinterpret pc=0x0000000002841b28 method=com.android.dx.cf.code.ByteCatchList.listFor(I)Lcom/android/dx/cf/code/ByteCatchList; @ 33
Event: 3.622 Thread 0x000000000224e000 Uncommon trap: reason=class_check action=maybe_recompile pc=0x00000000025440ac method=com.android.dx.rop.type.Type.equals(Ljava/lang/Object;)Z @ 8
Event: 3.623 Thread 0x000000000224e000 Uncommon trap: reason=class_check action=maybe_recompile pc=0x00000000025440ac method=com.android.dx.rop.type.Type.equals(Ljava/lang/Object;)Z @ 8
Event: 3.628 Thread 0x000000000224e000 Uncommon trap: reason=class_check action=maybe_recompile pc=0x00000000025440ac method=com.android.dx.rop.type.Type.equals(Ljava/lang/Object;)Z @ 8
Event: 3.629 Thread 0x000000000224e000 Uncommon trap: reason=class_check action=maybe_recompile pc=0x00000000025440ac method=com.android.dx.rop.type.Type.equals(Ljava/lang/Object;)Z @ 8
Event: 3.630 Thread 0x000000000224e000 Uncommon trap: reason=bimorphic action=maybe_recompile pc=0x000000000284eeac method=com.android.dx.ssa.LiteralOpUpgrader.tryReplacingWithConstant(Lcom/android/dx/ssa/NormalSsaInsn;)Z @ 52

Internal exceptions (10 events):
Event: 1.570 Thread 0x0000000016093800 Exception <a 'java/security/PrivilegedActionException'> (0x00000000ebd979f8) thrown at [D:\re\workspace\8-2-build-windows-amd64-cygwin\jdk8u20\1074\hotspot\src\share\vm\prims\jvm.cpp, line 1275]
Event: 1.638 Thread 0x0000000016110000 Exception <a 'java/security/PrivilegedActionException'> (0x00000000ebb57348) thrown at [D:\re\workspace\8-2-build-windows-amd64-cygwin\jdk8u20\1074\hotspot\src\share\vm\prims\jvm.cpp, line 1275]
Event: 1.656 Thread 0x0000000016110000 Exception <a 'java/security/PrivilegedActionException'> (0x00000000ebf791b8) thrown at [D:\re\workspace\8-2-build-windows-amd64-cygwin\jdk8u20\1074\hotspot\src\share\vm\prims\jvm.cpp, line 1275]
Event: 1.717 Thread 0x000000000224e000 Exception <a 'java/security/PrivilegedActionException'> (0x00000000ec09e638) thrown at [D:\re\workspace\8-2-build-windows-amd64-cygwin\jdk8u20\1074\hotspot\src\share\vm\prims\jvm.cpp, line 1275]
Event: 1.718 Thread 0x000000000224e000 Exception <a 'java/security/PrivilegedActionException'> (0x00000000ec0a0e60) thrown at [D:\re\workspace\8-2-build-windows-amd64-cygwin\jdk8u20\1074\hotspot\src\share\vm\prims\jvm.cpp, line 1275]
Event: 1.747 Thread 0x0000000016113800 Exception <a 'java/security/PrivilegedActionException'> (0x00000000ebf6e008) thrown at [D:\re\workspace\8-2-build-windows-amd64-cygwin\jdk8u20\1074\hotspot\src\share\vm\prims\jvm.cpp, line 1275]
Event: 1.776 Thread 0x0000000016113800 Exception <a 'java/security/PrivilegedActionException'> (0x00000000ec1fe5b0) thrown at [D:\re\workspace\8-2-build-windows-amd64-cygwin\jdk8u20\1074\hotspot\src\share\vm\prims\jvm.cpp, line 1275]
Event: 2.169 Thread 0x0000000016093800 Implicit null exception at 0x00000000025b14a8 to 0x00000000025b3835
Event: 2.176 Thread 0x0000000016113800 Implicit null exception at 0x00000000025abca2 to 0x00000000025abd92
Event: 2.593 Thread 0x000000001610f000 Exception <a 'java/security/PrivilegedActionException'> (0x00000000eae6e990) thrown at [D:\re\workspace\8-2-build-windows-amd64-cygwin\jdk8u20\1074\hotspot\src\share\vm\prims\jvm.cpp, line 1275]

Events (10 events):
Event: 3.628 Thread 0x000000000224e000 DEOPT PACKING pc=0x00000000025440ac sp=0x000000000050da40
Event: 3.628 Thread 0x000000000224e000 DEOPT UNPACKING pc=0x000000000229556a sp=0x000000000050d978 mode 2
Event: 3.629 Thread 0x000000000224e000 Uncommon trap: trap_request=0xffffffde fr.pc=0x00000000025440ac
Event: 3.629 Thread 0x000000000224e000 DEOPT PACKING pc=0x00000000025440ac sp=0x000000000050e330
Event: 3.629 Thread 0x000000000224e000 DEOPT UNPACKING pc=0x000000000229556a sp=0x000000000050e268 mode 2
Event: 3.630 Thread 0x000000000224e000 Uncommon trap: trap_request=0xffffffc6 fr.pc=0x000000000284eeac
Event: 3.630 Thread 0x000000000224e000 DEOPT PACKING pc=0x000000000284eeac sp=0x000000000050e6e0
Event: 3.630 Thread 0x000000000224e000 DEOPT UNPACKING pc=0x000000000229556a sp=0x000000000050e5b8 mode 2
Event: 3.751 Executing VM operation: ParallelGCFailedAllocation
Event: 3.770 Executing VM operation: ParallelGCFailedAllocation done


Dynamic libraries:
0x00007ff7c05e0000 - 0x00007ff7c0614000 	C:\Program Files\Java\jdk1.8.0_20\bin\java.exe
0x00007ffee6290000 - 0x00007ffee643a000 	C:\Windows\SYSTEM32\ntdll.dll
0x00007ffee60f0000 - 0x00007ffee622a000 	C:\Windows\system32\KERNEL32.DLL
0x00007ffee39b0000 - 0x00007ffee3ac0000 	C:\Windows\system32\KERNELBASE.dll
0x00007ffee2230000 - 0x00007ffee22b8000 	C:\Windows\system32\apphelp.dll
0x00007ffed7050000 - 0x00007ffed709f000 	C:\Windows\AppPatch\AppPatch64\AcGenral.DLL
0x00007ffee3b10000 - 0x00007ffee3bb7000 	C:\Windows\system32\msvcrt.dll
0x00007ffee33e0000 - 0x00007ffee340b000 	C:\Windows\SYSTEM32\SspiCli.dll
0x00007ffee5f70000 - 0x00007ffee5fc1000 	C:\Windows\system32\SHLWAPI.dll
0x00007ffee5d70000 - 0x00007ffee5ee1000 	C:\Windows\system32\USER32.dll
0x00007ffee5560000 - 0x00007ffee56d8000 	C:\Windows\system32\ole32.dll
0x00007ffee3cc0000 - 0x00007ffee50d7000 	C:\Windows\system32\SHELL32.dll
0x00007ffee2c80000 - 0x00007ffee2c9f000 	C:\Windows\SYSTEM32\USERENV.dll
0x00007ffee5830000 - 0x00007ffee58d5000 	C:\Windows\system32\ADVAPI32.dll
0x00007ffedf920000 - 0x00007ffedf93b000 	C:\Windows\SYSTEM32\MPR.dll
0x00007ffee5280000 - 0x00007ffee53b6000 	C:\Windows\system32\RPCRT4.dll
0x00007ffee5220000 - 0x00007ffee5277000 	C:\Windows\SYSTEM32\sechost.dll
0x00007ffee58f0000 - 0x00007ffee5ac6000 	C:\Windows\SYSTEM32\combase.dll
0x00007ffee56e0000 - 0x00007ffee5825000 	C:\Windows\system32\GDI32.dll
0x00007ffee3600000 - 0x00007ffee3614000 	C:\Windows\SYSTEM32\profapi.dll
0x00007ffee1c60000 - 0x00007ffee1cff000 	C:\Windows\SYSTEM32\SHCORE.dll
0x00007ffee3bc0000 - 0x00007ffee3bf4000 	C:\Windows\system32\IMM32.DLL
0x00007ffee50e0000 - 0x00007ffee5219000 	C:\Windows\system32\MSCTF.dll
0x00007ffee12c0000 - 0x00007ffee151a000 	C:\Windows\WinSxS\amd64_microsoft.windows.common-controls_6595b64144ccf1df_6.0.9600.17031_none_6242a4b3ecbb55a1\COMCTL32.dll
0x0000000060c60000 - 0x0000000060d32000 	C:\Program Files\Java\jdk1.8.0_20\jre\bin\msvcr100.dll
0x00000000610e0000 - 0x0000000061938000 	C:\Program Files\Java\jdk1.8.0_20\jre\bin\server\jvm.dll
0x00007ffeda620000 - 0x00007ffeda629000 	C:\Windows\SYSTEM32\WSOCK32.dll
0x00007ffeda9f0000 - 0x00007ffedaa0f000 	C:\Windows\SYSTEM32\WINMM.dll
0x00007ffee58e0000 - 0x00007ffee58e7000 	C:\Windows\system32\PSAPI.DLL
0x00007ffee6230000 - 0x00007ffee6288000 	C:\Windows\system32\WS2_32.dll
0x00007ffeda9c0000 - 0x00007ffeda9ea000 	C:\Windows\SYSTEM32\WINMMBASE.dll
0x00007ffee5ad0000 - 0x00007ffee5ad9000 	C:\Windows\system32\NSI.dll
0x00007ffee36d0000 - 0x00007ffee371a000 	C:\Windows\SYSTEM32\cfgmgr32.dll
0x00007ffee24b0000 - 0x00007ffee24d6000 	C:\Windows\SYSTEM32\DEVOBJ.dll
0x00000000610d0000 - 0x00000000610df000 	C:\Program Files\Java\jdk1.8.0_20\jre\bin\verify.dll
0x00000000610a0000 - 0x00000000610c8000 	C:\Program Files\Java\jdk1.8.0_20\jre\bin\java.dll
0x0000000061080000 - 0x0000000061096000 	C:\Program Files\Java\jdk1.8.0_20\jre\bin\zip.dll
0x00007ffec3890000 - 0x00007ffec3a18000 	C:\Windows\SYSTEM32\dbghelp.dll

VM Arguments:
jvm_args: -Djava.awt.headless=true -Xmx1024M -Dfile.encoding=GBK -Duser.country=CN -Duser.language=zh -Duser.variant 
java_command: com.android.dx.command.Main --dex --force-jumbo --num-threads=4 --multi-dex --output F:\Android\MaterialDesign\MyApplication\app\build\intermediates\transforms\dex\debug\folders\1000\10\com.android.support-design-24.2.0_7d466f5047289c98631c7c0d22bf15211577ddc5 F:\Android\MaterialDesign\MyApplication\app\build\intermediates\exploded-aar\com.android.support\design\24.2.0\jars\classes.jar
java_class_path (initial): D:\InstallResources\AndroidTools\AndroidSDK\build-tools\24.0.1\lib\dx.jar
Launcher Type: SUN_STANDARD

Environment Variables:
JAVA_HOME=C:\Program Files\Java\jdk1.8.0_20
PATH=D:\DataBase\Oracle\product\11.2.0\dbhome_1\bin;ANDROID_HOME;C:\ProgramData\Oracle\Java\javapath;C:\Windows\system32;C:\Windows;C:\Windows\System32\Wbem;C:\Windows\System32\WindowsPowerShell\v1.0\;C:\Program Files\Java\jdk1.8.0_20\bin;D:\InstallResources\AndroidTools\AndroidSDK\platform-tools;D:\InstallResources\AndroidTools\AndroidSDK\tools;C:\Program Files\Java\jdk1.6.0_39\bin;E:\工具软件\Notebook\_InstallFile\Visual Studio Code\Microsoft VS Code\bin;C:\;db;CATALINA_HOME\lib;CATALINA_HOME\bin;C:\Program Files\MySQL\MySQL Server 5.5\bin;D:\InstallResources\AndroidTools\AndroidSDK\build-tools\23.0.2;D:\InstallResources\SVN\location\bin;C:\Program Files\Git\cmd;C:\Program Files\nodejs\;C:\Program Files\Java\jdk1.7.0_80\bin;D:\InstallResources\TortoiseGit-2.2.0.0-64bit\bin;D:\InstallResources\openvpn-install-2.3.11-I601-x86_64\OpenVPN\bin;D:\InstallResources\SVN\SVN\bin;C:\Users\www22_000\AppData\Local\Programs\Python\Python35\Scripts\;C:\Users\www22_000\AppData\Local\Programs\Python\Python35\;E:\工具软件\Notebook\_InstallFile\Visual Studio Code\Microsoft VS Code\bin;C:\Users\www22_000\AppData\Local\atom\bin;C:\Users\www22_000\AppData\Roaming\npm
USERNAME=www22_000
OS=Windows_NT
PROCESSOR_IDENTIFIER=Intel64 Family 6 Model 58 Stepping 9, GenuineIntel



---------------  S Y S T E M  ---------------

OS: Windows 8.1 , 64 bit Build 9600 

CPU:total 4 (2 cores per cpu, 2 threads per core) family 6 model 58 stepping 9, cmov, cx8, fxsr, mmx, sse, sse2, sse3, ssse3, sse4.1, sse4.2, popcnt, avx, clmul, erms, ht, tsc, tscinvbit, tscinv

Memory: 4k page, physical 6174344k(1135584k free), swap 9320072k(10192k free)

vm_info: Java HotSpot(TM) 64-Bit Server VM (25.20-b23) for windows-amd64 JRE (1.8.0_20-b26), built on Jul 30 2014 13:51:23 by "java_re" with MS VC++ 10.0 (VS2010)

time: Wed Oct 12 16:18:53 2016
elapsed time: 3 seconds (0d 0h 0m 3s)

